# JRE version: Java(TM) SE Runtime Environment (8.0_181-b13) (build 1.8.0_181-b13)
# Java VM: Java HotSpot(TM) 64-Bit Server VM (25.181-b13 mixed mode windows-amd64 compressed oops)
Heap:
 PSYoungGen      total 299520K, used 279613K [0x00000000e0000000, 0x00000000f4f00000, 0x0000000100000000)
  eden space 269312K, 96% used [0x00000000e0000000,0x00000000eff11870,0x00000000f0700000)
  from space 30208K, 60% used [0x00000000f3180000,0x00000000f437dc78,0x00000000f4f00000)
  to   space 36864K, 0% used [0x00000000f0700000,0x00000000f0700000,0x00000000f2b00000)
 ParOldGen       total 131072K, used 89320K [0x00000000a0000000, 0x00000000a8000000, 0x00000000e0000000)
  object space 131072K, 68% used [0x00000000a0000000,0x00000000a573a0a0,0x00000000a8000000)
 Metaspace       used 85025K, capacity 88844K, committed 89088K, reserved 1126400K
  class space    used 11248K, capacity 12022K, committed 12032K, reserved 1048576K
GC Heap History (10 events):
Event: 40.242 GC heap before
{Heap before GC invocations=17 (full 3):
 PSYoungGen      total 214528K, used 210291K [0x00000000e0000000, 0x00000000f0a00000, 0x0000000100000000)
  eden space 194560K, 100% used [0x00000000e0000000,0x00000000ebe00000,0x00000000ebe00000)
  from space 19968K, 78% used [0x00000000ebe00000,0x00000000ecd5cca0,0x00000000ed180000)
  to   space 21504K, 0% used [0x00000000ef500000,0x00000000ef500000,0x00000000f0a00000)
 ParOldGen       total 131072K, used 36115K [0x00000000a0000000, 0x00000000a8000000, 0x00000000e0000000)
  object space 131072K, 27% used [0x00000000a0000000,0x00000000a2344ef0,0x00000000a8000000)
 Metaspace       used 69502K, capacity 71902K, committed 71936K, reserved 1112064K
  class space    used 9675K, capacity 10230K, committed 10240K, reserved 1048576K
Event: 40.289 GC heap after
Heap after GC invocations=17 (full 3):
 PSYoungGen      total 245248K, used 21474K [0x00000000e0000000, 0x00000000f1100000, 0x0000000100000000)
  eden space 223744K, 0% used [0x00000000e0000000,0x00000000e0000000,0x00000000eda80000)
  from space 21504K, 99% used [0x00000000ef500000,0x00000000f09f8920,0x00000000f0a00000)
  to   space 27136K, 0% used [0x00000000eda80000,0x00000000eda80000,0x00000000ef500000)
 ParOldGen       total 131072K, used 43142K [0x00000000a0000000, 0x00000000a8000000, 0x00000000e0000000)
  object space 131072K, 32% used [0x00000000a0000000,0x00000000a2a21bf0,0x00000000a8000000)
 Metaspace       used 69502K, capacity 71902K, committed 71936K, reserved 1112064K
  class space    used 9675K, capacity 10230K, committed 10240K, reserved 1048576K
}
Event: 72.139 GC heap before
{Heap before GC invocations=18 (full 3):
 PSYoungGen      total 245248K, used 245218K [0x00000000e0000000, 0x00000000f1100000, 0x0000000100000000)
  eden space 223744K, 100% used [0x00000000e0000000,0x00000000eda80000,0x00000000eda80000)
  from space 21504K, 99% used [0x00000000ef500000,0x00000000f09f8920,0x00000000f0a00000)
  to   space 27136K, 0% used [0x00000000eda80000,0x00000000eda80000,0x00000000ef500000)
 ParOldGen       total 131072K, used 43142K [0x00000000a0000000, 0x00000000a8000000, 0x00000000e0000000)
  object space 131072K, 32% used [0x00000000a0000000,0x00000000a2a21bf0,0x00000000a8000000)
 Metaspace       used 71919K, capacity 74490K, committed 74752K, reserved 1114112K
  class space    used 9881K, capacity 10434K, committed 10496K, reserved 1048576K
Event: 72.201 GC heap after
Heap after GC invocations=18 (full 3):
 PSYoungGen      total 250880K, used 12545K [0x00000000e0000000, 0x00000000f2a80000, 0x0000000100000000)
  eden space 223744K, 0% used [0x00000000e0000000,0x00000000e0000000,0x00000000eda80000)
  from space 27136K, 46% used [0x00000000eda80000,0x00000000ee6c0460,0x00000000ef500000)
  to   space 26112K, 0% used [0x00000000f1100000,0x00000000f1100000,0x00000000f2a80000)
 ParOldGen       total 131072K, used 64281K [0x00000000a0000000, 0x00000000a8000000, 0x00000000e0000000)
  object space 131072K, 49% used [0x00000000a0000000,0x00000000a3ec6610,0x00000000a8000000)
 Metaspace       used 71919K, capacity 74490K, committed 74752K, reserved 1114112K
  class space    used 9881K, capacity 10434K, committed 10496K, reserved 1048576K
}
Event: 91.105 GC heap before
{Heap before GC invocations=19 (full 3):
 PSYoungGen      total 250880K, used 236289K [0x00000000e0000000, 0x00000000f2a80000, 0x0000000100000000)
  eden space 223744K, 100% used [0x00000000e0000000,0x00000000eda80000,0x00000000eda80000)
  from space 27136K, 46% used [0x00000000eda80000,0x00000000ee6c0460,0x00000000ef500000)
  to   space 26112K, 0% used [0x00000000f1100000,0x00000000f1100000,0x00000000f2a80000)
 ParOldGen       total 131072K, used 64281K [0x00000000a0000000, 0x00000000a8000000, 0x00000000e0000000)
  object space 131072K, 49% used [0x00000000a0000000,0x00000000a3ec6610,0x00000000a8000000)
 Metaspace       used 75753K, capacity 78828K, committed 79104K, reserved 1118208K
  class space    used 10340K, capacity 10987K, committed 11008K, reserved 1048576K
Event: 91.138 GC heap after
Heap after GC invocations=19 (full 3):
 PSYoungGen      total 274432K, used 24290K [0x00000000e0000000, 0x00000000f2b80000, 0x0000000100000000)
  eden space 248320K, 0% used [0x00000000e0000000,0x00000000e0000000,0x00000000ef280000)
  from space 26112K, 93% used [0x00000000f1100000,0x00000000f28b89a0,0x00000000f2a80000)
  to   space 29184K, 0% used [0x00000000ef280000,0x00000000ef280000,0x00000000f0f00000)
 ParOldGen       total 131072K, used 64289K [0x00000000a0000000, 0x00000000a8000000, 0x00000000e0000000)
  object space 131072K, 49% used [0x00000000a0000000,0x00000000a3ec8610,0x00000000a8000000)
 Metaspace       used 75753K, capacity 78828K, committed 79104K, reserved 1118208K
  class space    used 10340K, capacity 10987K, committed 11008K, reserved 1048576K
}
Event: 93.138 GC heap before
{Heap before GC invocations=20 (full 3):
 PSYoungGen      total 274432K, used 272610K [0x00000000e0000000, 0x00000000f2b80000, 0x0000000100000000)
  eden space 248320K, 100% used [0x00000000e0000000,0x00000000ef280000,0x00000000ef280000)
  from space 26112K, 93% used [0x00000000f1100000,0x00000000f28b89a0,0x00000000f2a80000)
  to   space 29184K, 0% used [0x00000000ef280000,0x00000000ef280000,0x00000000f0f00000)
 ParOldGen       total 131072K, used 64289K [0x00000000a0000000, 0x00000000a8000000, 0x00000000e0000000)
  object space 131072K, 49% used [0x00000000a0000000,0x00000000a3ec8610,0x00000000a8000000)
 Metaspace       used 76380K, capacity 79458K, committed 79744K, reserved 1118208K
  class space    used 10400K, capacity 11024K, committed 11136K, reserved 1048576K
Event: 93.189 GC heap after
Heap after GC invocations=20 (full 3):
 PSYoungGen      total 277504K, used 29160K [0x00000000e0000000, 0x00000000f5700000, 0x0000000100000000)
  eden space 248320K, 0% used [0x00000000e0000000,0x00000000e0000000,0x00000000ef280000)
  from space 29184K, 99% used [0x00000000ef280000,0x00000000f0efa2b8,0x00000000f0f00000)
  to   space 38400K, 0% used [0x00000000f3180000,0x00000000f3180000,0x00000000f5700000)
 ParOldGen       total 131072K, used 77464K [0x00000000a0000000, 0x00000000a8000000, 0x00000000e0000000)
  object space 131072K, 59% used [0x00000000a0000000,0x00000000a4ba61e8,0x00000000a8000000)
 Metaspace       used 76380K, capacity 79458K, committed 79744K, reserved 1118208K
  class space    used 10400K, capacity 11024K, committed 11136K, reserved 1048576K
}
Event: 205.915 GC heap before
{Heap before GC invocations=21 (full 3):
 PSYoungGen      total 277504K, used 277480K [0x00000000e0000000, 0x00000000f5700000, 0x0000000100000000)
  eden space 248320K, 100% used [0x00000000e0000000,0x00000000ef280000,0x00000000ef280000)
  from space 29184K, 99% used [0x00000000ef280000,0x00000000f0efa2b8,0x00000000f0f00000)
  to   space 38400K, 0% used [0x00000000f3180000,0x00000000f3180000,0x00000000f5700000)
 ParOldGen       total 131072K, used 77464K [0x00000000a0000000, 0x00000000a8000000, 0x00000000e0000000)
  object space 131072K, 59% used [0x00000000a0000000,0x00000000a4ba61e8,0x00000000a8000000)
 Metaspace       used 83148K, capacity 86892K, committed 87168K, reserved 1124352K
  class space    used 11061K, capacity 11788K, committed 11904K, reserved 1048576K
Event: 205.954 GC heap after
Heap after GC invocations=21 (full 3):
 PSYoungGen      total 299520K, used 18423K [0x00000000e0000000, 0x00000000f4f00000, 0x0000000100000000)
  eden space 269312K, 0% used [0x00000000e0000000,0x00000000e0000000,0x00000000f0700000)
  from space 30208K, 60% used [0x00000000f3180000,0x00000000f437dc78,0x00000000f4f00000)
  to   space 36864K, 0% used [0x00000000f0700000,0x00000000f0700000,0x00000000f2b00000)
 ParOldGen       total 131072K, used 89320K [0x00000000a0000000, 0x00000000a8000000, 0x00000000e0000000)
  object space 131072K, 68% used [0x00000000a0000000,0x00000000a573a0a0,0x00000000a8000000)
 Metaspace       used 83148K, capacity 86892K, committed 87168K, reserved 1124352K
  class space    used 11061K, capacity 11788K, committed 11904K, reserved 1048576K
}

